<?xml version="1.0" encoding="UTF-8"?>
<testng-results ignored="0" total="1" passed="1" failed="0" skipped="0">
  <reporter-output>
  </reporter-output>
  <suite started-at="2024-05-07T18:49:44 EDT" name="Default suite" finished-at="2024-05-07T18:49:51 EDT" duration-ms="6758">
    <groups>
    </groups>
    <test started-at="2024-05-07T18:49:44 EDT" name="Default test" finished-at="2024-05-07T18:49:51 EDT" duration-ms="6758">
      <class name="Reports.ExtentReports.ExtentReportDemo">
        <test-method is-config="true" signature="config()[pri:0, instance:Reports.ExtentReports.ExtentReportDemo@6e9175d8]" started-at="2024-05-07T18:49:44 EDT" name="config" finished-at="2024-05-07T18:49:44 EDT" duration-ms="253" status="PASS">
          <reporter-output>
          </reporter-output>
        </test-method> <!-- config -->
        <test-method signature="initialDemo()[pri:0, instance:Reports.ExtentReports.ExtentReportDemo@6e9175d8]" started-at="2024-05-07T18:49:44 EDT" name="initialDemo" finished-at="2024-05-07T18:49:51 EDT" duration-ms="6468" status="PASS">
          <reporter-output>
          </reporter-output>
        </test-method> <!-- initialDemo -->
      </class> <!-- Reports.ExtentReports.ExtentReportDemo -->
    </test> <!-- Default test -->
  </suite> <!-- Default suite -->
</testng-results>
