<?xml version="1.0" encoding="UTF-8"?>
<!-- Generated by org.testng.reporters.JUnitXMLReporter -->
<testsuite ignored="3" hostname="DESKTOP-3UDQKKJ" failures="0" tests="2" name="CarLoan" time="0.02" errors="0" timestamp="2024-04-08T18:44:24 EDT">
  <testcase classname="TestNG.CarLoan" name="LoginAPICarLoan" time="0.006"/>
  <testcase classname="TestNG.CarLoan" name="WebLoginCarLoan" time="0.001"/>
  <testcase classname="TestNG.CarLoan" name="MobileLoginCarLoan" time="0.0">
    <ignored/>
  </testcase> <!-- MobileLoginCarLoan -->
  <testcase classname="TestNG.CarLoan" name="MobileSognInCarLoan" time="0.0">
    <ignored/>
  </testcase> <!-- MobileSognInCarLoan -->
  <testcase classname="TestNG.CarLoan" name="MobileSearchCarLoan" time="0.0">
    <ignored/>
  </testcase> <!-- MobileSearchCarLoan -->
</testsuite> <!-- CarLoan -->
