<?xml version="1.0" encoding="UTF-8"?>
<!-- Generated by org.testng.reporters.JUnitXMLReporter -->
<testsuite ignored="11" hostname="DESKTOP-3UDQKKJ" failures="0" tests="0" time="0.009" errors="0" timestamp="2024-04-08T13:41:15 EDT">
  <testcase classname="TestNG.xmlfile" name="secondTest" time="0.0">
    <ignored/>
  </testcase> <!-- secondTest -->
  <testcase classname="TestNG.HomeLoan" name="WebLoginHomeLoan" time="0.0">
    <ignored/>
  </testcase> <!-- WebLoginHomeLoan -->
  <testcase classname="TestNG.CarLoan" name="WebLoginCarLoan" time="0.0">
    <ignored/>
  </testcase> <!-- WebLoginCarLoan -->
  <testcase classname="TestNG.xmlfile" name="Demo" time="0.0">
    <ignored/>
  </testcase> <!-- Demo -->
  <testcase classname="TestNG.HomeLoan" name="LoginAPIHomeLoan" time="0.0">
    <ignored/>
  </testcase> <!-- LoginAPIHomeLoan -->
  <testcase classname="TestNG.CarLoan" name="MobileLoginCarLoan" time="0.0">
    <ignored/>
  </testcase> <!-- MobileLoginCarLoan -->
  <testcase classname="TestNG.CarLoan" name="MobileSognInCarLoan" time="0.0">
    <ignored/>
  </testcase> <!-- MobileSognInCarLoan -->
  <testcase classname="TestNG.HomeLoan" name="MobileLoginHomeLoan" time="0.0">
    <ignored/>
  </testcase> <!-- MobileLoginHomeLoan -->
  <testcase classname="TestNG.Sample" name="Demo" time="0.0">
    <ignored/>
  </testcase> <!-- Demo -->
  <testcase classname="TestNG.CarLoan" name="MobileSearchCarLoan" time="0.0">
    <ignored/>
  </testcase> <!-- MobileSearchCarLoan -->
  <testcase classname="TestNG.CarLoan" name="LoginAPICarLoan" time="0.0">
    <ignored/>
  </testcase> <!-- LoginAPICarLoan -->
</testsuite>
