<?xml version="1.0" encoding="UTF-8"?>
<testng-results ignored="0" total="1" passed="1" failed="0" skipped="0">
  <reporter-output>
  </reporter-output>
  <suite started-at="2024-04-20T22:04:55 EDT" name="Default suite" finished-at="2024-04-20T22:04:55 EDT" duration-ms="41">
    <groups>
    </groups>
    <test started-at="2024-04-20T22:04:55 EDT" name="Default test" finished-at="2024-04-20T22:04:55 EDT" duration-ms="41">
      <class name="JavaStreams.AssignmentDistinct">
        <test-method signature="uniqueDistinct()[pri:0, instance:JavaStreams.AssignmentDistinct@316bcf94]" started-at="2024-04-20T22:04:55 EDT" name="uniqueDistinct" finished-at="2024-04-20T22:04:55 EDT" duration-ms="7" status="PASS">
          <reporter-output>
          </reporter-output>
        </test-method> <!-- uniqueDistinct -->
      </class> <!-- JavaStreams.AssignmentDistinct -->
    </test> <!-- Default test -->
  </suite> <!-- Default suite -->
</testng-results>
