<?xml version="1.0" encoding="UTF-8"?>
<!-- Generated by org.testng.reporters.JUnitXMLReporter -->
<testsuite ignored="4" hostname="DESKTOP-3UDQKKJ" failures="0" tests="1" name="CarLoan" time="0.008" errors="0" timestamp="2024-04-09T18:02:48 EDT">
  <testcase classname="TestNG.CarLoan" name="LoginAPICarLoan" time="0.002"/>
  <testcase classname="TestNG.CarLoan" name="WebLoginCarLoan" time="0.0">
    <ignored/>
  </testcase> <!-- WebLoginCarLoan -->
  <testcase classname="TestNG.CarLoan" name="MobileLoginCarLoan" time="0.0">
    <ignored/>
  </testcase> <!-- MobileLoginCarLoan -->
  <testcase classname="TestNG.CarLoan" name="MobileSognInCarLoan" time="0.0">
    <ignored/>
  </testcase> <!-- MobileSognInCarLoan -->
  <testcase classname="TestNG.CarLoan" name="MobileSearchCarLoan" time="0.0">
    <ignored/>
  </testcase> <!-- MobileSearchCarLoan -->
</testsuite> <!-- CarLoan -->
