<?xml version="1.0" encoding="UTF-8"?>
<!-- Generated by org.testng.reporters.JUnitXMLReporter -->
<testsuite ignored="0" hostname="DESKTOP-3UDQKKJ" failures="0" tests="8" name="Test" time="0.072" errors="0" timestamp="2024-04-09T18:02:48 EDT">
  <testcase classname="TestNG.xmlfile" name="Demo" time="0.006"/>
  <testcase classname="TestNG.xmlfile" name="Demo" time="0.001"/>
  <testcase classname="TestNG.xmlfile" name="Demo" time="0.001"/>
  <testcase classname="TestNG.xmlfile" name="secondTest" time="0.001"/>
  <testcase classname="TestNG.Sample" name="Demo" time="0.001"/>
  <testcase classname="TestNG.HomeLoan" name="MobileLoginHomeLoan" time="0.001"/>
  <testcase classname="TestNG.HomeLoan" name="WebLoginHomeLoan" time="0.001"/>
  <testcase classname="TestNG.HomeLoan" name="LoginAPIHomeLoan" time="0.002"/>
</testsuite> <!-- Test -->
