<?xml version="1.0" encoding="UTF-8"?>
<testng-results ignored="0" total="0" passed="0" failed="0" skipped="0">
  <reporter-output>
  </reporter-output>
  <suite started-at="2024-05-09T22:21:31 EDT" name="Suite" finished-at="2024-05-09T22:21:31 EDT" duration-ms="0">
    <groups>
      <group name="Purchase">
        <method signature="StandaloneTest.submitOrder(java.util.HashMap)[pri:0, instance:POM.PageObjectModel.StandaloneTest@70f59913]" name="submitOrder" class="POM.PageObjectModel.StandaloneTest"/>
      </group> <!-- Purchase -->
    </groups>
  </suite> <!-- Suite -->
</testng-results>
